Arguments: 
  /usr/local/bin/node /usr/local/bin/yarn add was-sdk

PATH: 
  /home/jc/.serverless/bin:/home/jc/.serverless/bin:/home/jc/.local/bin:/home/jc/.serverless/bin:/home/jc/anaconda3/bin:/home/jc/anaconda3/condabin:/home/jc/.local/bin:/usr/local/sbin:/usr/local/bin:/usr/sbin:/usr/bin:/sbin:/bin:/usr/games:/usr/local/games:/snap/bin:/snap/bin:/home/jc/.rvm/bin:/emulator:/tools:/tools/bin:/platform-tools:/home/jc/.composer/vendor/bin:/home/jc/.rvm/bin:/home/jc/.rvm/bin:/emulator:/tools:/tools/bin:/platform-tools:/home/jc/.composer/vendor/bin:/home/jc/.rvm/bin

Yarn version: 
  1.22.17

Node version: 
  16.13.0

Platform: 
  linux x64

Trace: 
  Error: https://registry.yarnpkg.com/was-sdk: Not found
      at Request.params.callback [as _callback] (/usr/local/lib/node_modules/yarn/lib/cli.js:67029:18)
      at Request.self.callback (/usr/local/lib/node_modules/yarn/lib/cli.js:140883:22)
      at Request.emit (node:events:390:28)
      at Request.<anonymous> (/usr/local/lib/node_modules/yarn/lib/cli.js:141855:10)
      at Request.emit (node:events:390:28)
      at IncomingMessage.<anonymous> (/usr/local/lib/node_modules/yarn/lib/cli.js:141777:12)
      at Object.onceWrapper (node:events:509:28)
      at IncomingMessage.emit (node:events:402:35)
      at endReadableNT (node:internal/streams/readable:1343:12)
      at processTicksAndRejections (node:internal/process/task_queues:83:21)

npm manifest: 
  {
    "name": "trigger-dynamodb",
    "version": "1.0.0",
    "description": "<!-- title: 'AWS Simple HTTP Endpoint example in NodeJS' description: 'This template demonstrates how to make a simple HTTP API with Node.js running on AWS Lambda and API Gateway using the Serverless Framework.' layout: Doc framework: v2 platform: AWS language: nodeJS authorLink: 'https://github.com/serverless' authorName: 'Serverless, inc.' authorAvatar: 'https://avatars1.githubusercontent.com/u/13742415?s=200&v=4' -->",
    "main": "handler.js",
    "scripts": {
      "test": "echo \"Error: no test specified\" && exit 1"
    },
    "keywords": [],
    "author": "",
    "license": "ISC"
  }

yarn manifest: 
  No manifest

Lockfile: 
  No lockfile
